[2014-08-05 22:19:22] myapp.INFO: Matched route "login_check" (parameters: "_controller": "null", "_route": "login_check") [] []
[2014-08-05 22:19:22] myapp.DEBUG: xxxUSERNAME: edu [] []
[2014-08-05 22:19:22] myapp.INFO: Authentication request failed: SQLSTATE[IMSSP]: This extension requires the Microsoft SQL Server 2012 Native Client ODBC Driver to communicate with SQL Server. Access the following URL to download the Microsoft SQL Server 2012 Native Client ODBC driver for x86: http://go.microsoft.com/fwlink/?LinkId=163712 [] []
[2014-08-05 22:19:22] myapp.DEBUG: Redirecting to /login [] []
[2014-08-05 22:19:22] myapp.INFO: < 302 http://lotus/login [] []
[2014-08-05 22:19:22] myapp.DEBUG: Write SecurityContext in the session [] []
[2014-08-05 22:19:22] myapp.INFO: Matched route "GET_login" (parameters: "_controller": "{}", "_route": "GET_login") [] []
[2014-08-05 22:19:22] myapp.INFO: > GET /login [] []
[2014-08-05 22:19:22] myapp.INFO: < 200 [] []
[2014-08-05 22:20:37] myapp.INFO: Matched route "login_check" (parameters: "_controller": "null", "_route": "login_check") [] []
[2014-08-05 22:20:37] myapp.DEBUG: xxxUSERNAME: edu [] []
[2014-08-05 22:20:37] myapp.INFO: Authentication request failed: SQLSTATE[IMSSP]: This extension requires the Microsoft SQL Server 2012 Native Client ODBC Driver to communicate with SQL Server. Access the following URL to download the Microsoft SQL Server 2012 Native Client ODBC driver for x86: http://go.microsoft.com/fwlink/?LinkId=163712 [] []
[2014-08-05 22:20:37] myapp.DEBUG: Redirecting to /login [] []
[2014-08-05 22:20:37] myapp.INFO: < 302 http://lotus/login [] []
[2014-08-05 22:20:37] myapp.DEBUG: Write SecurityContext in the session [] []
[2014-08-05 22:20:37] myapp.INFO: Matched route "GET_login" (parameters: "_controller": "{}", "_route": "GET_login") [] []
[2014-08-05 22:20:37] myapp.INFO: > GET /login [] []
[2014-08-05 22:20:37] myapp.INFO: < 200 [] []
[2014-08-05 22:45:42] myapp.INFO: Matched route "login_check" (parameters: "_controller": "null", "_route": "login_check") [] []
[2014-08-05 22:45:42] myapp.DEBUG: xxxUSERNAME: edu [] []
[2014-08-05 22:45:43] myapp.INFO: Authentication request failed: SQLSTATE[28000] [1045] Access denied for user 'sa'@'localhost' (using password: YES) [] []
[2014-08-05 22:45:43] myapp.DEBUG: Redirecting to /login [] []
[2014-08-05 22:45:43] myapp.INFO: < 302 http://lotus/login [] []
[2014-08-05 22:45:43] myapp.DEBUG: Write SecurityContext in the session [] []
[2014-08-05 22:45:43] myapp.INFO: Matched route "GET_login" (parameters: "_controller": "{}", "_route": "GET_login") [] []
[2014-08-05 22:45:43] myapp.INFO: > GET /login [] []
[2014-08-05 22:45:43] myapp.INFO: < 200 [] []
[2014-08-05 22:45:49] myapp.INFO: Matched route "login_check" (parameters: "_controller": "null", "_route": "login_check") [] []
[2014-08-05 22:45:49] myapp.DEBUG: xxxUSERNAME: edu [] []
[2014-08-05 22:45:50] myapp.INFO: Authentication request failed: SQLSTATE[28000] [1045] Access denied for user 'sa'@'localhost' (using password: YES) [] []
[2014-08-05 22:45:50] myapp.DEBUG: Redirecting to /login [] []
[2014-08-05 22:45:50] myapp.INFO: < 302 http://lotus/login [] []
[2014-08-05 22:45:50] myapp.DEBUG: Write SecurityContext in the session [] []
[2014-08-05 22:45:50] myapp.INFO: Matched route "GET_login" (parameters: "_controller": "{}", "_route": "GET_login") [] []
[2014-08-05 22:45:50] myapp.INFO: > GET /login [] []
[2014-08-05 22:45:50] myapp.INFO: < 200 [] []
[2014-08-05 22:46:11] myapp.INFO: Matched route "login_check" (parameters: "_controller": "null", "_route": "login_check") [] []
[2014-08-05 22:46:11] myapp.DEBUG: xxxUSERNAME: edu [] []
[2014-08-05 22:46:12] myapp.INFO: Authentication request failed: SQLSTATE[42000] [1049] Unknown database 'silex-teste' [] []
[2014-08-05 22:46:12] myapp.DEBUG: Redirecting to /login [] []
[2014-08-05 22:46:12] myapp.INFO: < 302 http://lotus/login [] []
[2014-08-05 22:46:12] myapp.DEBUG: Write SecurityContext in the session [] []
[2014-08-05 22:46:12] myapp.INFO: Matched route "GET_login" (parameters: "_controller": "{}", "_route": "GET_login") [] []
[2014-08-05 22:46:12] myapp.INFO: > GET /login [] []
[2014-08-05 22:46:12] myapp.INFO: < 200 [] []
[2014-08-05 22:46:37] myapp.INFO: Matched route "login_check" (parameters: "_controller": "null", "_route": "login_check") [] []
[2014-08-05 22:46:37] myapp.DEBUG: xxxUSERNAME: edu [] []
[2014-08-05 22:46:38] myapp.INFO: Authentication request failed: An exception occurred while executing 'SELECT  								   M.nomeMenu, 								   M.nomeModulo, 								   M.idMenu, 								   M.defaultPath 							  FROM Permissoes P  						INNER JOIN Menu M 								ON M.idMenu = P.idMenu 							 WHERE P.idPermissaoTipo = '1' 							   AND P.idPermissaoTipo = :idDepartamento 							   AND M.idMenuPai = '0'' with params ["1"]: SQLSTATE[42S22]: Column not found: 1054 Unknown column 'M.idMenuPai' in 'where clause' [] []
[2014-08-05 22:46:38] myapp.DEBUG: Redirecting to /login [] []
[2014-08-05 22:46:38] myapp.INFO: < 302 http://lotus/login [] []
[2014-08-05 22:46:38] myapp.DEBUG: Write SecurityContext in the session [] []
[2014-08-05 22:46:38] myapp.INFO: Matched route "GET_login" (parameters: "_controller": "{}", "_route": "GET_login") [] []
[2014-08-05 22:46:38] myapp.INFO: > GET /login [] []
[2014-08-05 22:46:38] myapp.INFO: < 200 [] []
[2014-08-05 22:47:24] myapp.INFO: Matched route "login_check" (parameters: "_controller": "null", "_route": "login_check") [] []
[2014-08-05 22:47:24] myapp.DEBUG: xxxUSERNAME: edu [] []
[2014-08-05 22:47:25] myapp.INFO: User "edu" has been authenticated successfully [] []
[2014-08-05 22:47:25] myapp.INFO: < 302 http://lotus/ [] []
[2014-08-05 22:47:25] myapp.DEBUG: Write SecurityContext in the session [] []
[2014-08-05 22:47:25] myapp.INFO: Matched route "index" (parameters: "_controller": "{}", "_route": "index") [] []
[2014-08-05 22:47:25] myapp.DEBUG: Read SecurityContext from the session [] []
[2014-08-05 22:47:25] myapp.DEBUG: Reloading user from user provider. [] []
[2014-08-05 22:47:25] myapp.DEBUG: xxxUSERNAME: edu [] []
[2014-08-05 22:47:26] myapp.DEBUG: Username "edu" was reloaded from user provider. [] []
[2014-08-05 22:47:26] myapp.INFO: > GET / [] []
[2014-08-05 22:47:26] myapp.INFO: < 200 [] []
[2014-08-05 22:47:26] myapp.DEBUG: Write SecurityContext in the session [] []
[2014-08-05 22:47:27] myapp.ERROR: Symfony\Component\HttpKernel\Exception\NotFoundHttpException: No route found for "GET /favicon.ico" (uncaught exception) at D:\Servidor\silex-teste\vendor\symfony\http-kernel\Symfony\Component\HttpKernel\EventListener\RouterListener.php line 145 {"exception":"[object] (Symfony\\Component\\HttpKernel\\Exception\\NotFoundHttpException: No route found for \"GET /favicon.ico\" at D:\\Servidor\\silex-teste\\vendor\\symfony\\http-kernel\\Symfony\\Component\\HttpKernel\\EventListener\\RouterListener.php:145, Symfony\\Component\\Routing\\Exception\\ResourceNotFoundException:  at D:\\Servidor\\silex-teste\\vendor\\symfony\\routing\\Symfony\\Component\\Routing\\Matcher\\UrlMatcher.php:96)"} []
[2014-08-05 22:47:27] myapp.INFO: < 404 [] []
[2014-08-05 22:48:41] myapp.INFO: Matched route "index" (parameters: "_controller": "{}", "_route": "index") [] []
[2014-08-05 22:48:41] myapp.DEBUG: Read SecurityContext from the session [] []
[2014-08-05 22:48:41] myapp.DEBUG: Reloading user from user provider. [] []
[2014-08-05 22:48:41] myapp.DEBUG: xxxUSERNAME: edu [] []
[2014-08-05 22:48:43] myapp.DEBUG: Username "edu" was reloaded from user provider. [] []
[2014-08-05 22:48:43] myapp.INFO: > GET / [] []
[2014-08-05 22:48:43] myapp.INFO: < 200 [] []
[2014-08-05 22:48:43] myapp.DEBUG: Write SecurityContext in the session [] []
[2014-08-05 22:53:53] myapp.INFO: Matched route "index" (parameters: "_controller": "{}", "_route": "index") [] []
[2014-08-05 22:53:53] myapp.DEBUG: Read SecurityContext from the session [] []
[2014-08-05 22:53:53] myapp.DEBUG: Reloading user from user provider. [] []
[2014-08-05 22:53:53] myapp.DEBUG: xxxUSERNAME: edu [] []
[2014-08-05 22:53:54] myapp.DEBUG: Username "edu" was reloaded from user provider. [] []
[2014-08-05 22:53:54] myapp.INFO: > GET / [] []
[2014-08-05 22:53:54] myapp.INFO: < 200 [] []
[2014-08-05 22:53:54] myapp.DEBUG: Write SecurityContext in the session [] []
[2014-08-05 22:58:33] myapp.INFO: Matched route "index" (parameters: "_controller": "{}", "_route": "index") [] []
[2014-08-05 22:58:33] myapp.DEBUG: Read SecurityContext from the session [] []
[2014-08-05 22:58:33] myapp.DEBUG: Reloading user from user provider. [] []
[2014-08-05 22:58:33] myapp.DEBUG: xxxUSERNAME: edu [] []
[2014-08-05 22:58:34] myapp.DEBUG: Username "edu" was reloaded from user provider. [] []
[2014-08-05 22:58:34] myapp.INFO: > GET / [] []
[2014-08-05 22:58:34] myapp.INFO: < 200 [] []
[2014-08-05 22:58:34] myapp.DEBUG: Write SecurityContext in the session [] []
[2014-08-05 22:58:37] myapp.ERROR: Symfony\Component\HttpKernel\Exception\NotFoundHttpException: No route found for "GET /departaments/crud/listView" (from "http://lotus/") (uncaught exception) at D:\Servidor\silex-teste\vendor\symfony\http-kernel\Symfony\Component\HttpKernel\EventListener\RouterListener.php line 145 {"exception":"[object] (Symfony\\Component\\HttpKernel\\Exception\\NotFoundHttpException: No route found for \"GET /departaments/crud/listView\" (from \"http://lotus/\") at D:\\Servidor\\silex-teste\\vendor\\symfony\\http-kernel\\Symfony\\Component\\HttpKernel\\EventListener\\RouterListener.php:145, Symfony\\Component\\Routing\\Exception\\ResourceNotFoundException:  at D:\\Servidor\\silex-teste\\vendor\\symfony\\routing\\Symfony\\Component\\Routing\\Matcher\\UrlMatcher.php:96)"} []
[2014-08-05 22:58:37] myapp.INFO: < 404 [] []
[2014-08-05 22:59:19] myapp.INFO: Matched route "departments.listview" (parameters: "_controller": "{}", "_route": "departments.listview") [] []
[2014-08-05 22:59:19] myapp.DEBUG: Read SecurityContext from the session [] []
[2014-08-05 22:59:19] myapp.DEBUG: Reloading user from user provider. [] []
[2014-08-05 22:59:19] myapp.DEBUG: xxxUSERNAME: edu [] []
[2014-08-05 22:59:20] myapp.DEBUG: Username "edu" was reloaded from user provider. [] []
[2014-08-05 22:59:20] myapp.INFO: > GET /departments/crud/listView [] []
[2014-08-05 22:59:21] myapp.INFO: < 200 [] []
[2014-08-05 22:59:21] myapp.DEBUG: Write SecurityContext in the session [] []
[2014-08-05 22:59:21] myapp.INFO: Matched route "departments.listaction" (parameters: "_controller": "{}", "_route": "departments.listaction") [] []
[2014-08-05 22:59:21] myapp.DEBUG: Read SecurityContext from the session [] []
[2014-08-05 22:59:21] myapp.DEBUG: Reloading user from user provider. [] []
[2014-08-05 22:59:21] myapp.DEBUG: xxxUSERNAME: edu [] []
[2014-08-05 22:59:22] myapp.DEBUG: Username "edu" was reloaded from user provider. [] []
[2014-08-05 22:59:22] myapp.INFO: > GET /departments/crud/listAction?idDepartamento=&module=departments&page=1&order_asc=ASC&order_field=nomeDepartamento&departamento=&status=0 [] []
[2014-08-05 22:59:22] myapp.CRITICAL: Twig_Error_Runtime: Key "idDepartamento" for array with keys "idDepartamentos, 0, nomeDepartamento, 1" does not exist in "Core/Departments/Views/listAction.html.twig" at line 14 (uncaught exception) at D:\Servidor\silex-teste\vendor\twig\twig\lib\Twig\Template.php line 389 {"exception":"[object] (Twig_Error_Runtime: Key \"idDepartamento\" for array with keys \"idDepartamentos, 0, nomeDepartamento, 1\" does not exist in \"Core/Departments/Views/listAction.html.twig\" at line 14 at D:\\Servidor\\silex-teste\\vendor\\twig\\twig\\lib\\Twig\\Template.php:389)"} []
[2014-08-05 22:59:22] myapp.INFO: < 500 [] []
[2014-08-05 22:59:22] myapp.DEBUG: Write SecurityContext in the session [] []
[2014-08-05 22:59:36] myapp.INFO: Matched route "departments.listview" (parameters: "_controller": "{}", "_route": "departments.listview") [] []
[2014-08-05 22:59:36] myapp.DEBUG: Read SecurityContext from the session [] []
[2014-08-05 22:59:36] myapp.DEBUG: Reloading user from user provider. [] []
[2014-08-05 22:59:36] myapp.DEBUG: xxxUSERNAME: edu [] []
[2014-08-05 22:59:37] myapp.DEBUG: Username "edu" was reloaded from user provider. [] []
[2014-08-05 22:59:37] myapp.INFO: > GET /departments/crud/listView [] []
[2014-08-05 22:59:37] myapp.INFO: < 200 [] []
[2014-08-05 22:59:37] myapp.DEBUG: Write SecurityContext in the session [] []
[2014-08-05 22:59:38] myapp.INFO: Matched route "departments.listaction" (parameters: "_controller": "{}", "_route": "departments.listaction") [] []
[2014-08-05 22:59:38] myapp.DEBUG: Read SecurityContext from the session [] []
[2014-08-05 22:59:38] myapp.DEBUG: Reloading user from user provider. [] []
[2014-08-05 22:59:38] myapp.DEBUG: xxxUSERNAME: edu [] []
[2014-08-05 22:59:39] myapp.DEBUG: Username "edu" was reloaded from user provider. [] []
[2014-08-05 22:59:39] myapp.INFO: > GET /departments/crud/listAction?idDepartamento=&module=departments&page=1&order_asc=ASC&order_field=nomeDepartamento&departamento=&status=0 [] []
[2014-08-05 22:59:39] myapp.CRITICAL: Twig_Error_Runtime: Key "idDepartamento" for array with keys "idDepartamentos, 0, nomeDepartamento, 1" does not exist in "Core/Departments/Views/listAction.html.twig" at line 14 (uncaught exception) at D:\Servidor\silex-teste\vendor\twig\twig\lib\Twig\Template.php line 389 {"exception":"[object] (Twig_Error_Runtime: Key \"idDepartamento\" for array with keys \"idDepartamentos, 0, nomeDepartamento, 1\" does not exist in \"Core/Departments/Views/listAction.html.twig\" at line 14 at D:\\Servidor\\silex-teste\\vendor\\twig\\twig\\lib\\Twig\\Template.php:389)"} []
[2014-08-05 22:59:39] myapp.INFO: < 500 [] []
[2014-08-05 22:59:39] myapp.DEBUG: Write SecurityContext in the session [] []
[2014-08-05 23:14:31] myapp.INFO: Matched route "departments.listaction" (parameters: "_controller": "{}", "_route": "departments.listaction") [] []
[2014-08-05 23:14:31] myapp.DEBUG: Read SecurityContext from the session [] []
[2014-08-05 23:14:31] myapp.DEBUG: Reloading user from user provider. [] []
[2014-08-05 23:14:31] myapp.DEBUG: xxxUSERNAME: edu [] []
[2014-08-05 23:14:32] myapp.DEBUG: Username "edu" was reloaded from user provider. [] []
[2014-08-05 23:14:32] myapp.INFO: > GET /departments/crud/listAction?idDepartamento=&module=departments&page=1&order_asc=ASC&order_field=nomeDepartamento&departamento=&status=0 [] []
[2014-08-05 23:14:32] myapp.INFO: < 200 [] []
[2014-08-05 23:14:32] myapp.DEBUG: Write SecurityContext in the session [] []
[2014-08-05 23:14:35] myapp.INFO: Matched route "departments.editview" (parameters: "_controller": "{}", "_route": "departments.editview") [] []
[2014-08-05 23:14:35] myapp.DEBUG: Read SecurityContext from the session [] []
[2014-08-05 23:14:35] myapp.DEBUG: Reloading user from user provider. [] []
[2014-08-05 23:14:35] myapp.DEBUG: xxxUSERNAME: edu [] []
[2014-08-05 23:14:36] myapp.DEBUG: Username "edu" was reloaded from user provider. [] []
[2014-08-05 23:14:36] myapp.INFO: > GET /departments/crud/editView [] []
[2014-08-05 23:14:36] myapp.INFO: < 200 [] []
[2014-08-05 23:14:36] myapp.DEBUG: Write SecurityContext in the session [] []
[2014-08-05 23:14:39] myapp.INFO: Matched route "users.editview" (parameters: "_controller": "{}", "_route": "users.editview") [] []
[2014-08-05 23:14:39] myapp.DEBUG: Read SecurityContext from the session [] []
[2014-08-05 23:14:39] myapp.DEBUG: Reloading user from user provider. [] []
[2014-08-05 23:14:39] myapp.DEBUG: xxxUSERNAME: edu [] []
[2014-08-05 23:14:40] myapp.DEBUG: Username "edu" was reloaded from user provider. [] []
[2014-08-05 23:14:40] myapp.INFO: > GET /users/crud/editView [] []
[2014-08-05 23:14:40] myapp.INFO: < 200 [] []
[2014-08-05 23:14:40] myapp.DEBUG: Write SecurityContext in the session [] []
[2014-08-07 17:59:45] myapp.INFO: Matched route "users.editview" (parameters: "_controller": "{}", "_route": "users.editview") [] []
[2014-08-07 17:59:45] myapp.DEBUG: Read SecurityContext from the session [] []
[2014-08-07 17:59:45] myapp.DEBUG: Reloading user from user provider. [] []
[2014-08-07 17:59:45] myapp.DEBUG: xxxUSERNAME: edu [] []
[2014-08-07 17:59:46] myapp.DEBUG: Username "edu" was reloaded from user provider. [] []
[2014-08-07 17:59:46] myapp.INFO: > GET /users/crud/editView [] []
[2014-08-07 17:59:46] myapp.INFO: < 200 [] []
[2014-08-07 17:59:46] myapp.DEBUG: Write SecurityContext in the session [] []
[2014-08-07 17:59:47] myapp.INFO: Matched route "users.editview" (parameters: "_controller": "{}", "_route": "users.editview") [] []
[2014-08-07 17:59:47] myapp.DEBUG: Read SecurityContext from the session [] []
[2014-08-07 17:59:47] myapp.DEBUG: Reloading user from user provider. [] []
[2014-08-07 17:59:47] myapp.DEBUG: xxxUSERNAME: edu [] []
[2014-08-07 17:59:48] myapp.DEBUG: Username "edu" was reloaded from user provider. [] []
[2014-08-07 17:59:48] myapp.INFO: > GET /users/crud/editView [] []
[2014-08-07 17:59:48] myapp.INFO: < 200 [] []
[2014-08-07 17:59:48] myapp.DEBUG: Write SecurityContext in the session [] []
[2014-08-07 17:59:54] myapp.INFO: Matched route "index" (parameters: "_controller": "{}", "_route": "index") [] []
[2014-08-07 17:59:54] myapp.DEBUG: Read SecurityContext from the session [] []
[2014-08-07 17:59:54] myapp.DEBUG: Reloading user from user provider. [] []
[2014-08-07 17:59:54] myapp.DEBUG: xxxUSERNAME: edu [] []
[2014-08-07 17:59:55] myapp.DEBUG: Username "edu" was reloaded from user provider. [] []
[2014-08-07 17:59:55] myapp.INFO: > GET / [] []
[2014-08-07 17:59:55] myapp.INFO: < 200 [] []
[2014-08-07 17:59:55] myapp.DEBUG: Write SecurityContext in the session [] []
[2014-08-07 18:11:35] myapp.INFO: Matched route "index" (parameters: "_controller": "{}", "_route": "index") [] []
[2014-08-07 18:11:35] myapp.DEBUG: Read SecurityContext from the session [] []
[2014-08-07 18:11:35] myapp.DEBUG: Reloading user from user provider. [] []
[2014-08-07 18:11:35] myapp.DEBUG: xxxUSERNAME: edu [] []
[2014-08-07 18:11:36] myapp.DEBUG: Username "edu" was reloaded from user provider. [] []
[2014-08-07 18:11:36] myapp.INFO: > GET / [] []
[2014-08-07 18:11:36] myapp.INFO: < 200 [] []
[2014-08-07 18:11:36] myapp.DEBUG: Write SecurityContext in the session [] []
[2014-08-07 18:49:54] myapp.INFO: Matched route "index" (parameters: "_controller": "{}", "_route": "index") [] []
[2014-08-07 18:49:54] myapp.DEBUG: Read SecurityContext from the session [] []
[2014-08-07 18:49:54] myapp.DEBUG: Reloading user from user provider. [] []
[2014-08-07 18:49:54] myapp.DEBUG: xxxUSERNAME: edu [] []
[2014-08-07 18:49:55] myapp.DEBUG: Username "edu" was reloaded from user provider. [] []
[2014-08-07 18:49:55] myapp.INFO: > GET / [] []
[2014-08-07 18:49:55] myapp.INFO: < 200 [] []
[2014-08-07 18:49:55] myapp.DEBUG: Write SecurityContext in the session [] []
[2014-08-07 18:50:39] myapp.INFO: Matched route "index" (parameters: "_controller": "{}", "_route": "index") [] []
[2014-08-07 18:50:39] myapp.DEBUG: Read SecurityContext from the session [] []
[2014-08-07 18:50:39] myapp.DEBUG: Reloading user from user provider. [] []
[2014-08-07 18:50:39] myapp.DEBUG: xxxUSERNAME: edu [] []
[2014-08-07 18:50:40] myapp.DEBUG: Username "edu" was reloaded from user provider. [] []
[2014-08-07 18:50:40] myapp.INFO: > GET / [] []
[2014-08-07 18:50:40] myapp.INFO: < 200 [] []
[2014-08-07 18:50:40] myapp.DEBUG: Write SecurityContext in the session [] []
[2014-08-07 18:58:54] myapp.INFO: Matched route "index" (parameters: "_controller": "{}", "_route": "index") [] []
[2014-08-07 18:58:54] myapp.DEBUG: Read SecurityContext from the session [] []
[2014-08-07 18:58:54] myapp.DEBUG: Reloading user from user provider. [] []
[2014-08-07 18:58:54] myapp.DEBUG: xxxUSERNAME: edu [] []
[2014-08-07 18:58:55] myapp.DEBUG: Username "edu" was reloaded from user provider. [] []
[2014-08-07 18:58:55] myapp.INFO: > GET / [] []
[2014-08-07 18:58:55] myapp.INFO: < 200 [] []
[2014-08-07 18:58:55] myapp.DEBUG: Write SecurityContext in the session [] []
[2014-08-07 19:06:25] myapp.INFO: Matched route "index" (parameters: "_controller": "{}", "_route": "index") [] []
[2014-08-07 19:06:25] myapp.DEBUG: Read SecurityContext from the session [] []
[2014-08-07 19:06:25] myapp.DEBUG: Reloading user from user provider. [] []
[2014-08-07 19:06:25] myapp.DEBUG: xxxUSERNAME: edu [] []
[2014-08-07 19:06:26] myapp.DEBUG: Username "edu" was reloaded from user provider. [] []
[2014-08-07 19:06:26] myapp.INFO: > GET / [] []
[2014-08-07 19:06:26] myapp.INFO: < 200 [] []
[2014-08-07 19:06:26] myapp.DEBUG: Write SecurityContext in the session [] []
[2014-08-07 19:12:08] myapp.INFO: Matched route "index" (parameters: "_controller": "{}", "_route": "index") [] []
[2014-08-07 19:12:08] myapp.DEBUG: Read SecurityContext from the session [] []
[2014-08-07 19:12:08] myapp.DEBUG: Reloading user from user provider. [] []
[2014-08-07 19:12:08] myapp.DEBUG: xxxUSERNAME: edu [] []
[2014-08-07 19:12:09] myapp.DEBUG: Username "edu" was reloaded from user provider. [] []
[2014-08-07 19:12:09] myapp.INFO: > GET / [] []
[2014-08-07 19:12:09] myapp.INFO: < 200 [] []
[2014-08-07 19:12:09] myapp.DEBUG: Write SecurityContext in the session [] []
[2014-08-07 19:12:59] myapp.INFO: Matched route "index" (parameters: "_controller": "{}", "_route": "index") [] []
[2014-08-07 19:12:59] myapp.DEBUG: Read SecurityContext from the session [] []
[2014-08-07 19:12:59] myapp.DEBUG: Reloading user from user provider. [] []
[2014-08-07 19:12:59] myapp.DEBUG: xxxUSERNAME: edu [] []
[2014-08-07 19:13:00] myapp.DEBUG: Username "edu" was reloaded from user provider. [] []
[2014-08-07 19:13:00] myapp.INFO: > GET / [] []
[2014-08-07 19:13:00] myapp.INFO: < 200 [] []
[2014-08-07 19:13:00] myapp.DEBUG: Write SecurityContext in the session [] []
[2014-08-07 19:13:16] myapp.INFO: Matched route "index" (parameters: "_controller": "{}", "_route": "index") [] []
[2014-08-07 19:13:16] myapp.DEBUG: Read SecurityContext from the session [] []
[2014-08-07 19:13:16] myapp.DEBUG: Reloading user from user provider. [] []
[2014-08-07 19:13:16] myapp.DEBUG: xxxUSERNAME: edu [] []
[2014-08-07 19:13:17] myapp.DEBUG: Username "edu" was reloaded from user provider. [] []
[2014-08-07 19:13:17] myapp.INFO: > GET / [] []
[2014-08-07 19:13:17] myapp.INFO: < 200 [] []
[2014-08-07 19:13:17] myapp.DEBUG: Write SecurityContext in the session [] []
[2014-08-07 19:15:53] myapp.INFO: Matched route "index" (parameters: "_controller": "{}", "_route": "index") [] []
[2014-08-07 19:15:53] myapp.DEBUG: Read SecurityContext from the session [] []
[2014-08-07 19:15:53] myapp.DEBUG: Reloading user from user provider. [] []
[2014-08-07 19:15:53] myapp.DEBUG: xxxUSERNAME: edu [] []
[2014-08-07 19:15:54] myapp.DEBUG: Username "edu" was reloaded from user provider. [] []
[2014-08-07 19:15:54] myapp.INFO: > GET / [] []
[2014-08-07 19:15:54] myapp.INFO: < 200 [] []
[2014-08-07 19:15:54] myapp.DEBUG: Write SecurityContext in the session [] []
[2014-08-07 19:18:00] myapp.INFO: Matched route "index" (parameters: "_controller": "{}", "_route": "index") [] []
[2014-08-07 19:18:00] myapp.DEBUG: Read SecurityContext from the session [] []
[2014-08-07 19:18:00] myapp.DEBUG: Reloading user from user provider. [] []
[2014-08-07 19:18:00] myapp.DEBUG: xxxUSERNAME: edu [] []
[2014-08-07 19:18:01] myapp.DEBUG: Username "edu" was reloaded from user provider. [] []
[2014-08-07 19:18:01] myapp.INFO: > GET / [] []
[2014-08-07 19:18:01] myapp.INFO: < 200 [] []
[2014-08-07 19:18:01] myapp.DEBUG: Write SecurityContext in the session [] []
[2014-08-07 19:18:17] myapp.INFO: Matched route "index" (parameters: "_controller": "{}", "_route": "index") [] []
[2014-08-07 19:18:17] myapp.DEBUG: Read SecurityContext from the session [] []
[2014-08-07 19:18:17] myapp.DEBUG: Reloading user from user provider. [] []
[2014-08-07 19:18:17] myapp.DEBUG: xxxUSERNAME: edu [] []
[2014-08-07 19:18:18] myapp.DEBUG: Username "edu" was reloaded from user provider. [] []
[2014-08-07 19:18:18] myapp.INFO: > GET / [] []
[2014-08-07 19:18:18] myapp.INFO: < 200 [] []
[2014-08-07 19:18:18] myapp.DEBUG: Write SecurityContext in the session [] []
[2014-08-07 19:19:46] myapp.INFO: Matched route "index" (parameters: "_controller": "{}", "_route": "index") [] []
[2014-08-07 19:19:46] myapp.DEBUG: Read SecurityContext from the session [] []
[2014-08-07 19:19:46] myapp.DEBUG: Reloading user from user provider. [] []
[2014-08-07 19:19:46] myapp.DEBUG: xxxUSERNAME: edu [] []
[2014-08-07 19:19:47] myapp.DEBUG: Username "edu" was reloaded from user provider. [] []
[2014-08-07 19:19:47] myapp.INFO: > GET / [] []
[2014-08-07 19:19:47] myapp.INFO: < 200 [] []
[2014-08-07 19:19:47] myapp.DEBUG: Write SecurityContext in the session [] []
[2014-08-07 19:22:29] myapp.INFO: Matched route "index" (parameters: "_controller": "{}", "_route": "index") [] []
[2014-08-07 19:22:29] myapp.DEBUG: Read SecurityContext from the session [] []
[2014-08-07 19:22:29] myapp.DEBUG: Reloading user from user provider. [] []
[2014-08-07 19:22:29] myapp.DEBUG: xxxUSERNAME: edu [] []
[2014-08-07 19:22:30] myapp.DEBUG: Username "edu" was reloaded from user provider. [] []
[2014-08-07 19:22:30] myapp.INFO: > GET / [] []
[2014-08-07 19:22:30] myapp.INFO: < 200 [] []
[2014-08-07 19:22:30] myapp.DEBUG: Write SecurityContext in the session [] []
[2014-08-07 19:24:19] myapp.INFO: Matched route "users.editview" (parameters: "_controller": "{}", "_route": "users.editview") [] []
[2014-08-07 19:24:19] myapp.DEBUG: Read SecurityContext from the session [] []
[2014-08-07 19:24:19] myapp.DEBUG: Reloading user from user provider. [] []
[2014-08-07 19:24:19] myapp.DEBUG: xxxUSERNAME: edu [] []
[2014-08-07 19:24:20] myapp.DEBUG: Username "edu" was reloaded from user provider. [] []
[2014-08-07 19:24:20] myapp.INFO: > GET /users/crud/editView [] []
[2014-08-07 19:24:20] myapp.INFO: < 200 [] []
[2014-08-07 19:24:20] myapp.DEBUG: Write SecurityContext in the session [] []
[2014-08-07 19:24:52] myapp.INFO: Matched route "users.editview" (parameters: "_controller": "{}", "_route": "users.editview") [] []
[2014-08-07 19:24:52] myapp.DEBUG: Read SecurityContext from the session [] []
[2014-08-07 19:24:52] myapp.DEBUG: Reloading user from user provider. [] []
[2014-08-07 19:24:52] myapp.DEBUG: xxxUSERNAME: edu [] []
[2014-08-07 19:24:53] myapp.DEBUG: Username "edu" was reloaded from user provider. [] []
[2014-08-07 19:24:53] myapp.INFO: > GET /users/crud/editView [] []
[2014-08-07 19:24:54] myapp.INFO: < 200 [] []
[2014-08-07 19:24:54] myapp.DEBUG: Write SecurityContext in the session [] []
[2014-08-07 19:24:56] myapp.INFO: Matched route "users.editview" (parameters: "_controller": "{}", "_route": "users.editview") [] []
[2014-08-07 19:24:56] myapp.DEBUG: Read SecurityContext from the session [] []
[2014-08-07 19:24:56] myapp.DEBUG: Reloading user from user provider. [] []
[2014-08-07 19:24:56] myapp.DEBUG: xxxUSERNAME: edu [] []
[2014-08-07 19:24:57] myapp.DEBUG: Username "edu" was reloaded from user provider. [] []
[2014-08-07 19:24:57] myapp.INFO: > GET /users/crud/editView [] []
[2014-08-07 19:24:57] myapp.INFO: < 200 [] []
[2014-08-07 19:24:57] myapp.DEBUG: Write SecurityContext in the session [] []
[2014-08-07 19:26:17] myapp.INFO: Matched route "users.editview" (parameters: "_controller": "{}", "_route": "users.editview") [] []
[2014-08-07 19:26:17] myapp.DEBUG: Read SecurityContext from the session [] []
[2014-08-07 19:26:17] myapp.DEBUG: Reloading user from user provider. [] []
[2014-08-07 19:26:17] myapp.DEBUG: xxxUSERNAME: edu [] []
[2014-08-07 19:26:18] myapp.DEBUG: Username "edu" was reloaded from user provider. [] []
[2014-08-07 19:26:18] myapp.INFO: > GET /users/crud/editView [] []
[2014-08-07 19:26:18] myapp.INFO: < 200 [] []
[2014-08-07 19:26:18] myapp.DEBUG: Write SecurityContext in the session [] []
[2014-08-07 19:26:19] myapp.INFO: Matched route "users.editview" (parameters: "_controller": "{}", "_route": "users.editview") [] []
[2014-08-07 19:26:19] myapp.DEBUG: Read SecurityContext from the session [] []
[2014-08-07 19:26:19] myapp.DEBUG: Reloading user from user provider. [] []
[2014-08-07 19:26:19] myapp.DEBUG: xxxUSERNAME: edu [] []
[2014-08-07 19:26:20] myapp.DEBUG: Username "edu" was reloaded from user provider. [] []
[2014-08-07 19:26:20] myapp.INFO: > GET /users/crud/editView [] []
[2014-08-07 19:26:20] myapp.INFO: < 200 [] []
[2014-08-07 19:26:20] myapp.DEBUG: Write SecurityContext in the session [] []
[2014-08-07 19:27:00] myapp.INFO: Matched route "users.editview" (parameters: "_controller": "{}", "_route": "users.editview") [] []
[2014-08-07 19:27:00] myapp.DEBUG: Read SecurityContext from the session [] []
[2014-08-07 19:27:00] myapp.DEBUG: Reloading user from user provider. [] []
[2014-08-07 19:27:00] myapp.DEBUG: xxxUSERNAME: edu [] []
[2014-08-07 19:27:01] myapp.DEBUG: Username "edu" was reloaded from user provider. [] []
[2014-08-07 19:27:01] myapp.INFO: > GET /users/crud/editView [] []
[2014-08-07 19:27:01] myapp.CRITICAL: Twig_Error_Runtime: Variable "defaultPath" does not exist in "Core/layout.html.twig" at line 12 (uncaught exception) at D:\Servidor\silex-teste\vendor\twig\twig\lib\Twig\Template.php line 332 {"exception":"[object] (Twig_Error_Runtime: Variable \"defaultPath\" does not exist in \"Core/layout.html.twig\" at line 12 at D:\\Servidor\\silex-teste\\vendor\\twig\\twig\\lib\\Twig\\Template.php:332)"} []
[2014-08-07 19:27:01] myapp.INFO: < 500 [] []
[2014-08-07 19:27:01] myapp.DEBUG: Write SecurityContext in the session [] []
[2014-08-07 19:27:12] myapp.INFO: Matched route "users.editview" (parameters: "_controller": "{}", "_route": "users.editview") [] []
[2014-08-07 19:27:12] myapp.DEBUG: Read SecurityContext from the session [] []
[2014-08-07 19:27:12] myapp.DEBUG: Reloading user from user provider. [] []
[2014-08-07 19:27:12] myapp.DEBUG: xxxUSERNAME: edu [] []
[2014-08-07 19:27:13] myapp.DEBUG: Username "edu" was reloaded from user provider. [] []
[2014-08-07 19:27:13] myapp.INFO: > GET /users/crud/editView [] []
[2014-08-07 19:27:13] myapp.CRITICAL: Twig_Error_Runtime: Variable "child" does not exist in "Core/layout.html.twig" at line 12 (uncaught exception) at D:\Servidor\silex-teste\vendor\twig\twig\lib\Twig\Template.php line 332 {"exception":"[object] (Twig_Error_Runtime: Variable \"child\" does not exist in \"Core/layout.html.twig\" at line 12 at D:\\Servidor\\silex-teste\\vendor\\twig\\twig\\lib\\Twig\\Template.php:332)"} []
[2014-08-07 19:27:13] myapp.INFO: < 500 [] []
[2014-08-07 19:27:13] myapp.DEBUG: Write SecurityContext in the session [] []
[2014-08-07 19:27:24] myapp.INFO: Matched route "users.editview" (parameters: "_controller": "{}", "_route": "users.editview") [] []
[2014-08-07 19:27:24] myapp.DEBUG: Read SecurityContext from the session [] []
[2014-08-07 19:27:24] myapp.DEBUG: Reloading user from user provider. [] []
[2014-08-07 19:27:24] myapp.DEBUG: xxxUSERNAME: edu [] []
[2014-08-07 19:27:25] myapp.DEBUG: Username "edu" was reloaded from user provider. [] []
[2014-08-07 19:27:25] myapp.INFO: > GET /users/crud/editView [] []
[2014-08-07 19:27:25] myapp.INFO: < 200 [] []
[2014-08-07 19:27:25] myapp.DEBUG: Write SecurityContext in the session [] []
[2014-08-07 19:29:29] myapp.INFO: Matched route "users.editview" (parameters: "_controller": "{}", "_route": "users.editview") [] []
[2014-08-07 19:29:29] myapp.DEBUG: Read SecurityContext from the session [] []
[2014-08-07 19:29:29] myapp.DEBUG: Reloading user from user provider. [] []
[2014-08-07 19:29:29] myapp.DEBUG: xxxUSERNAME: edu [] []
[2014-08-07 19:29:30] myapp.DEBUG: Username "edu" was reloaded from user provider. [] []
[2014-08-07 19:29:30] myapp.INFO: > GET /users/crud/editView [] []
[2014-08-07 19:29:30] myapp.INFO: < 200 [] []
[2014-08-07 19:29:30] myapp.DEBUG: Write SecurityContext in the session [] []
[2014-08-07 19:31:07] myapp.INFO: Matched route "users.editview" (parameters: "_controller": "{}", "_route": "users.editview") [] []
[2014-08-07 19:31:07] myapp.DEBUG: Read SecurityContext from the session [] []
[2014-08-07 19:31:07] myapp.DEBUG: Reloading user from user provider. [] []
[2014-08-07 19:31:07] myapp.DEBUG: xxxUSERNAME: edu [] []
[2014-08-07 19:31:08] myapp.DEBUG: Username "edu" was reloaded from user provider. [] []
[2014-08-07 19:31:08] myapp.INFO: > GET /users/crud/editView [] []
[2014-08-07 19:31:08] myapp.INFO: < 200 [] []
[2014-08-07 19:31:08] myapp.DEBUG: Write SecurityContext in the session [] []
[2014-08-07 19:31:30] myapp.INFO: Matched route "users.editview" (parameters: "_controller": "{}", "_route": "users.editview") [] []
[2014-08-07 19:31:30] myapp.DEBUG: Read SecurityContext from the session [] []
[2014-08-07 19:31:30] myapp.DEBUG: Reloading user from user provider. [] []
[2014-08-07 19:31:30] myapp.DEBUG: xxxUSERNAME: edu [] []
[2014-08-07 19:31:31] myapp.DEBUG: Username "edu" was reloaded from user provider. [] []
[2014-08-07 19:31:31] myapp.INFO: > GET /users/crud/editView [] []
[2014-08-07 19:31:32] myapp.INFO: < 200 [] []
[2014-08-07 19:31:32] myapp.DEBUG: Write SecurityContext in the session [] []
[2014-08-07 19:34:02] myapp.INFO: Matched route "users.editview" (parameters: "_controller": "{}", "_route": "users.editview") [] []
[2014-08-07 19:34:02] myapp.DEBUG: Read SecurityContext from the session [] []
[2014-08-07 19:34:02] myapp.DEBUG: Reloading user from user provider. [] []
[2014-08-07 19:34:02] myapp.DEBUG: xxxUSERNAME: edu [] []
[2014-08-07 19:34:03] myapp.DEBUG: Username "edu" was reloaded from user provider. [] []
[2014-08-07 19:34:03] myapp.INFO: > GET /users/crud/editView [] []
[2014-08-07 19:34:04] myapp.INFO: < 200 [] []
[2014-08-07 19:34:04] myapp.DEBUG: Write SecurityContext in the session [] []
[2014-08-07 19:34:29] myapp.INFO: Matched route "users.editview" (parameters: "_controller": "{}", "_route": "users.editview") [] []
[2014-08-07 19:34:29] myapp.DEBUG: Read SecurityContext from the session [] []
[2014-08-07 19:34:29] myapp.DEBUG: Reloading user from user provider. [] []
[2014-08-07 19:34:29] myapp.DEBUG: xxxUSERNAME: edu [] []
[2014-08-07 19:34:30] myapp.DEBUG: Username "edu" was reloaded from user provider. [] []
[2014-08-07 19:34:30] myapp.INFO: > GET /users/crud/editView [] []
[2014-08-07 19:34:30] myapp.INFO: < 200 [] []
[2014-08-07 19:34:30] myapp.DEBUG: Write SecurityContext in the session [] []
[2014-08-07 19:35:05] myapp.INFO: Matched route "users.editview" (parameters: "_controller": "{}", "_route": "users.editview") [] []
[2014-08-07 19:35:05] myapp.DEBUG: Read SecurityContext from the session [] []
[2014-08-07 19:35:05] myapp.DEBUG: Reloading user from user provider. [] []
[2014-08-07 19:35:05] myapp.DEBUG: xxxUSERNAME: edu [] []
[2014-08-07 19:35:06] myapp.DEBUG: Username "edu" was reloaded from user provider. [] []
[2014-08-07 19:35:06] myapp.INFO: > GET /users/crud/editView [] []
[2014-08-07 19:35:06] myapp.INFO: < 200 [] []
[2014-08-07 19:35:06] myapp.DEBUG: Write SecurityContext in the session [] []
[2014-08-07 19:35:39] myapp.INFO: Matched route "users.editview" (parameters: "_controller": "{}", "_route": "users.editview") [] []
[2014-08-07 19:35:39] myapp.DEBUG: Read SecurityContext from the session [] []
[2014-08-07 19:35:39] myapp.DEBUG: Reloading user from user provider. [] []
[2014-08-07 19:35:39] myapp.DEBUG: xxxUSERNAME: edu [] []
[2014-08-07 19:35:40] myapp.DEBUG: Username "edu" was reloaded from user provider. [] []
[2014-08-07 19:35:40] myapp.INFO: > GET /users/crud/editView [] []
[2014-08-07 19:35:40] myapp.INFO: < 200 [] []
[2014-08-07 19:35:40] myapp.DEBUG: Write SecurityContext in the session [] []
[2014-08-07 19:36:16] myapp.INFO: Matched route "users.editview" (parameters: "_controller": "{}", "_route": "users.editview") [] []
[2014-08-07 19:36:16] myapp.DEBUG: Read SecurityContext from the session [] []
[2014-08-07 19:36:16] myapp.DEBUG: Reloading user from user provider. [] []
[2014-08-07 19:36:16] myapp.DEBUG: xxxUSERNAME: edu [] []
[2014-08-07 19:36:17] myapp.DEBUG: Username "edu" was reloaded from user provider. [] []
[2014-08-07 19:36:17] myapp.INFO: > GET /users/crud/editView [] []
[2014-08-07 19:36:17] myapp.INFO: < 200 [] []
[2014-08-07 19:36:17] myapp.DEBUG: Write SecurityContext in the session [] []
[2014-08-07 19:36:48] myapp.INFO: Matched route "users.editview" (parameters: "_controller": "{}", "_route": "users.editview") [] []
[2014-08-07 19:36:48] myapp.DEBUG: Read SecurityContext from the session [] []
[2014-08-07 19:36:48] myapp.DEBUG: Reloading user from user provider. [] []
[2014-08-07 19:36:48] myapp.DEBUG: xxxUSERNAME: edu [] []
[2014-08-07 19:36:49] myapp.DEBUG: Username "edu" was reloaded from user provider. [] []
[2014-08-07 19:36:49] myapp.INFO: > GET /users/crud/editView [] []
[2014-08-07 19:36:49] myapp.INFO: < 200 [] []
[2014-08-07 19:36:49] myapp.DEBUG: Write SecurityContext in the session [] []
[2014-08-07 19:37:19] myapp.INFO: Matched route "users.editview" (parameters: "_controller": "{}", "_route": "users.editview") [] []
[2014-08-07 19:37:19] myapp.DEBUG: Read SecurityContext from the session [] []
[2014-08-07 19:37:19] myapp.DEBUG: Reloading user from user provider. [] []
[2014-08-07 19:37:19] myapp.DEBUG: xxxUSERNAME: edu [] []
[2014-08-07 19:37:20] myapp.DEBUG: Username "edu" was reloaded from user provider. [] []
[2014-08-07 19:37:20] myapp.INFO: > GET /users/crud/editView [] []
[2014-08-07 19:37:20] myapp.INFO: < 200 [] []
[2014-08-07 19:37:20] myapp.DEBUG: Write SecurityContext in the session [] []
[2014-08-07 19:37:27] myapp.INFO: Matched route "users.editview" (parameters: "_controller": "{}", "_route": "users.editview") [] []
[2014-08-07 19:37:28] myapp.DEBUG: Read SecurityContext from the session [] []
[2014-08-07 19:37:28] myapp.DEBUG: Reloading user from user provider. [] []
[2014-08-07 19:37:28] myapp.DEBUG: xxxUSERNAME: edu [] []
[2014-08-07 19:37:29] myapp.DEBUG: Username "edu" was reloaded from user provider. [] []
[2014-08-07 19:37:29] myapp.INFO: > GET /users/crud/editView [] []
[2014-08-07 19:37:29] myapp.INFO: < 200 [] []
[2014-08-07 19:37:29] myapp.DEBUG: Write SecurityContext in the session [] []
[2014-08-07 19:37:53] myapp.INFO: Matched route "users.editview" (parameters: "_controller": "{}", "_route": "users.editview") [] []
[2014-08-07 19:37:53] myapp.DEBUG: Read SecurityContext from the session [] []
[2014-08-07 19:37:53] myapp.DEBUG: Reloading user from user provider. [] []
[2014-08-07 19:37:53] myapp.DEBUG: xxxUSERNAME: edu [] []
[2014-08-07 19:37:54] myapp.DEBUG: Username "edu" was reloaded from user provider. [] []
[2014-08-07 19:37:54] myapp.INFO: > GET /users/crud/editView [] []
[2014-08-07 19:37:54] myapp.INFO: < 200 [] []
[2014-08-07 19:37:54] myapp.DEBUG: Write SecurityContext in the session [] []
[2014-08-07 19:38:06] myapp.INFO: Matched route "users.editview" (parameters: "_controller": "{}", "_route": "users.editview") [] []
[2014-08-07 19:38:06] myapp.DEBUG: Read SecurityContext from the session [] []
[2014-08-07 19:38:06] myapp.DEBUG: Reloading user from user provider. [] []
[2014-08-07 19:38:06] myapp.DEBUG: xxxUSERNAME: edu [] []
[2014-08-07 19:38:07] myapp.DEBUG: Username "edu" was reloaded from user provider. [] []
[2014-08-07 19:38:07] myapp.INFO: > GET /users/crud/editView [] []
[2014-08-07 19:38:07] myapp.INFO: < 200 [] []
[2014-08-07 19:38:07] myapp.DEBUG: Write SecurityContext in the session [] []
[2014-08-07 19:38:50] myapp.INFO: Matched route "users.editview" (parameters: "_controller": "{}", "_route": "users.editview") [] []
[2014-08-07 19:38:50] myapp.DEBUG: Read SecurityContext from the session [] []
[2014-08-07 19:38:50] myapp.DEBUG: Reloading user from user provider. [] []
[2014-08-07 19:38:50] myapp.DEBUG: xxxUSERNAME: edu [] []
[2014-08-07 19:38:51] myapp.DEBUG: Username "edu" was reloaded from user provider. [] []
[2014-08-07 19:38:51] myapp.INFO: > GET /users/crud/editView [] []
[2014-08-07 19:38:51] myapp.INFO: < 200 [] []
[2014-08-07 19:38:51] myapp.DEBUG: Write SecurityContext in the session [] []
[2014-08-07 19:38:59] myapp.INFO: Matched route "users.editview" (parameters: "_controller": "{}", "_route": "users.editview") [] []
[2014-08-07 19:38:59] myapp.DEBUG: Read SecurityContext from the session [] []
[2014-08-07 19:38:59] myapp.DEBUG: Reloading user from user provider. [] []
[2014-08-07 19:38:59] myapp.DEBUG: xxxUSERNAME: edu [] []
[2014-08-07 19:39:00] myapp.DEBUG: Username "edu" was reloaded from user provider. [] []
[2014-08-07 19:39:00] myapp.INFO: > GET /users/crud/editView [] []
[2014-08-07 19:39:00] myapp.INFO: < 200 [] []
[2014-08-07 19:39:00] myapp.DEBUG: Write SecurityContext in the session [] []
[2014-08-07 19:39:46] myapp.INFO: Matched route "users.editview" (parameters: "_controller": "{}", "_route": "users.editview") [] []
[2014-08-07 19:39:46] myapp.DEBUG: Read SecurityContext from the session [] []
[2014-08-07 19:39:46] myapp.DEBUG: Reloading user from user provider. [] []
[2014-08-07 19:39:46] myapp.DEBUG: xxxUSERNAME: edu [] []
[2014-08-07 19:39:47] myapp.DEBUG: Username "edu" was reloaded from user provider. [] []
[2014-08-07 19:39:47] myapp.INFO: > GET /users/crud/editView [] []
[2014-08-07 19:39:48] myapp.INFO: < 200 [] []
[2014-08-07 19:39:48] myapp.DEBUG: Write SecurityContext in the session [] []
[2014-08-07 19:40:00] myapp.INFO: Matched route "users.editview" (parameters: "_controller": "{}", "_route": "users.editview") [] []
[2014-08-07 19:40:00] myapp.DEBUG: Read SecurityContext from the session [] []
[2014-08-07 19:40:00] myapp.DEBUG: Reloading user from user provider. [] []
[2014-08-07 19:40:00] myapp.DEBUG: xxxUSERNAME: edu [] []
[2014-08-07 19:40:01] myapp.DEBUG: Username "edu" was reloaded from user provider. [] []
[2014-08-07 19:40:01] myapp.INFO: > GET /users/crud/editView [] []
[2014-08-07 19:40:01] myapp.INFO: < 200 [] []
[2014-08-07 19:40:01] myapp.DEBUG: Write SecurityContext in the session [] []
[2014-08-07 19:40:42] myapp.INFO: Matched route "users.editview" (parameters: "_controller": "{}", "_route": "users.editview") [] []
[2014-08-07 19:40:42] myapp.DEBUG: Read SecurityContext from the session [] []
[2014-08-07 19:40:42] myapp.DEBUG: Reloading user from user provider. [] []
[2014-08-07 19:40:42] myapp.DEBUG: xxxUSERNAME: edu [] []
[2014-08-07 19:40:43] myapp.DEBUG: Username "edu" was reloaded from user provider. [] []
[2014-08-07 19:40:43] myapp.INFO: > GET /users/crud/editView [] []
[2014-08-07 19:40:43] myapp.INFO: < 200 [] []
[2014-08-07 19:40:43] myapp.DEBUG: Write SecurityContext in the session [] []
[2014-08-07 19:41:09] myapp.INFO: Matched route "users.editview" (parameters: "_controller": "{}", "_route": "users.editview") [] []
[2014-08-07 19:41:09] myapp.DEBUG: Read SecurityContext from the session [] []
[2014-08-07 19:41:09] myapp.DEBUG: Reloading user from user provider. [] []
[2014-08-07 19:41:09] myapp.DEBUG: xxxUSERNAME: edu [] []
[2014-08-07 19:41:10] myapp.DEBUG: Username "edu" was reloaded from user provider. [] []
[2014-08-07 19:41:10] myapp.INFO: > GET /users/crud/editView [] []
[2014-08-07 19:41:11] myapp.INFO: < 200 [] []
[2014-08-07 19:41:11] myapp.DEBUG: Write SecurityContext in the session [] []
[2014-08-07 19:43:07] myapp.INFO: Matched route "users.editview" (parameters: "_controller": "{}", "_route": "users.editview") [] []
[2014-08-07 19:43:07] myapp.DEBUG: Read SecurityContext from the session [] []
[2014-08-07 19:43:07] myapp.DEBUG: Reloading user from user provider. [] []
[2014-08-07 19:43:07] myapp.DEBUG: xxxUSERNAME: edu [] []
[2014-08-07 19:43:08] myapp.DEBUG: Username "edu" was reloaded from user provider. [] []
[2014-08-07 19:43:08] myapp.INFO: > GET /users/crud/editView [] []
[2014-08-07 19:43:08] myapp.INFO: < 200 [] []
[2014-08-07 19:43:08] myapp.DEBUG: Write SecurityContext in the session [] []
[2014-08-07 19:43:29] myapp.INFO: Matched route "users.editview" (parameters: "_controller": "{}", "_route": "users.editview") [] []
[2014-08-07 19:43:29] myapp.DEBUG: Read SecurityContext from the session [] []
[2014-08-07 19:43:29] myapp.DEBUG: Reloading user from user provider. [] []
[2014-08-07 19:43:29] myapp.DEBUG: xxxUSERNAME: edu [] []
[2014-08-07 19:43:30] myapp.DEBUG: Username "edu" was reloaded from user provider. [] []
[2014-08-07 19:43:30] myapp.INFO: > GET /users/crud/editView [] []
[2014-08-07 19:43:30] myapp.INFO: < 200 [] []
[2014-08-07 19:43:30] myapp.DEBUG: Write SecurityContext in the session [] []
[2014-08-07 19:44:19] myapp.INFO: Matched route "users.editview" (parameters: "_controller": "{}", "_route": "users.editview") [] []
[2014-08-07 19:44:19] myapp.DEBUG: Read SecurityContext from the session [] []
[2014-08-07 19:44:19] myapp.DEBUG: Reloading user from user provider. [] []
[2014-08-07 19:44:19] myapp.DEBUG: xxxUSERNAME: edu [] []
[2014-08-07 19:44:20] myapp.DEBUG: Username "edu" was reloaded from user provider. [] []
[2014-08-07 19:44:20] myapp.INFO: > GET /users/crud/editView [] []
[2014-08-07 19:44:21] myapp.INFO: < 200 [] []
[2014-08-07 19:44:21] myapp.DEBUG: Write SecurityContext in the session [] []
[2014-08-07 19:45:36] myapp.INFO: Matched route "users.editview" (parameters: "_controller": "{}", "_route": "users.editview") [] []
[2014-08-07 19:45:36] myapp.DEBUG: Read SecurityContext from the session [] []
[2014-08-07 19:45:36] myapp.DEBUG: Reloading user from user provider. [] []
[2014-08-07 19:45:36] myapp.DEBUG: xxxUSERNAME: edu [] []
[2014-08-07 19:45:37] myapp.DEBUG: Username "edu" was reloaded from user provider. [] []
[2014-08-07 19:45:37] myapp.INFO: > GET /users/crud/editView [] []
[2014-08-07 19:45:37] myapp.INFO: < 200 [] []
[2014-08-07 19:45:37] myapp.DEBUG: Write SecurityContext in the session [] []
[2014-08-07 19:59:26] myapp.INFO: Matched route "departments.listview" (parameters: "_controller": "{}", "_route": "departments.listview") [] []
[2014-08-07 19:59:26] myapp.DEBUG: Read SecurityContext from the session [] []
[2014-08-07 19:59:26] myapp.DEBUG: Reloading user from user provider. [] []
[2014-08-07 19:59:26] myapp.DEBUG: xxxUSERNAME: edu [] []
[2014-08-07 19:59:27] myapp.DEBUG: Username "edu" was reloaded from user provider. [] []
[2014-08-07 19:59:27] myapp.INFO: > GET /departments/crud/listView [] []
[2014-08-07 19:59:27] myapp.INFO: < 200 [] []
[2014-08-07 19:59:27] myapp.DEBUG: Write SecurityContext in the session [] []
[2014-08-07 19:59:27] myapp.INFO: Matched route "departments.listaction" (parameters: "_controller": "{}", "_route": "departments.listaction") [] []
[2014-08-07 19:59:27] myapp.DEBUG: Read SecurityContext from the session [] []
[2014-08-07 19:59:27] myapp.DEBUG: Reloading user from user provider. [] []
[2014-08-07 19:59:27] myapp.DEBUG: xxxUSERNAME: edu [] []
[2014-08-07 19:59:28] myapp.DEBUG: Username "edu" was reloaded from user provider. [] []
[2014-08-07 19:59:28] myapp.INFO: > GET /departments/crud/listAction?idDepartamento=&module=departments&page=1&order_asc=ASC&order_field=nomeDepartamento&departamento=&status=0 [] []
[2014-08-07 19:59:28] myapp.INFO: < 200 [] []
[2014-08-07 19:59:28] myapp.DEBUG: Write SecurityContext in the session [] []
